<?xml version="1.0" encoding="UTF-8"?>
<!-- Generated by org.testng.reporters.JUnitReportReporter -->
<testsuite skipped="0" hostname="L-C02V267CHTD6" name="core.XSDValidationTest" tests="3" failures="0" timestamp="2019-09-10T15:56:30 PDT" time="1.323" errors="0">
  <testcase name="test" time="0.160" classname="core.XSDValidationTest"/>
  <testcase name="test" time="0.997" classname="core.XSDValidationTest"/>
  <testcase name="test" time="0.166" classname="core.XSDValidationTest"/>
</testsuite> <!-- core.XSDValidationTest -->
